<?xml version="1.0" encoding="UTF-8"?>
<!-- Generated by org.testng.reporters.JUnitReportReporter -->
<testsuite hostname="DESKTOP-O9TE197" failures="0" tests="1" name="com.chefaa.bestbuy.test.GetByIdTest" time="4.301" errors="0" timestamp="2022-06-11T20:54:28 EET" skipped="0">
  <testcase classname="com.chefaa.bestbuy.test.GetByIdTest" name="updateProductSucceeds" time="4.301"/>
  <system-out/>
</testsuite> <!-- com.chefaa.bestbuy.test.GetByIdTest -->
