<?xml version="1.0" encoding="UTF-8"?>
<!-- Generated by org.testng.reporters.JUnitReportReporter -->
<testsuite hostname="DESKTOP-O9TE197" failures="0" tests="1" name="getRequest.DeleteProduct" time="2.494" errors="0" timestamp="2022-06-11T17:49:53 EET" skipped="0">
  <testcase classname="getRequest.DeleteProduct" name="testDeleteProduct" time="2.494"/>
  <system-out/>
</testsuite> <!-- getRequest.DeleteProduct -->
