<?xml version="1.0" encoding="UTF-8"?>
<!-- Generated by org.testng.reporters.JUnitReportReporter -->
<testsuite hostname="DESKTOP-O9TE197" failures="0" tests="2" name="com.chefaa.bestbuy.test.UpdateProductTest" time="3.859" errors="0" timestamp="11 Jun 2022 21:57:36 GMT" skipped="0">
  <testcase classname="com.chefaa.bestbuy.test.UpdateProductTest" name="updateProductSucceeds" time="1.620"/>
  <testcase classname="com.chefaa.bestbuy.test.UpdateProductTest" name="updateInValidProduct" time="2.239"/>
</testsuite> <!-- com.chefaa.bestbuy.test.UpdateProductTest -->
