<?xml version="1.0" encoding="UTF-8"?>
<!-- Generated by org.testng.reporters.JUnitReportReporter -->
<testsuite hostname="DESKTOP-O9TE197" failures="0" tests="2" name="com.chefaa.bestbuy.test.DeleteProductTest" time="3.948" errors="0" timestamp="2022-06-11T20:40:10 EET" skipped="0">
  <testcase classname="com.chefaa.bestbuy.test.DeleteProductTest" name="testInValidDeleteProduct" time="0.053"/>
  <system-out/>
  <testcase classname="com.chefaa.bestbuy.test.DeleteProductTest" name="testDeleteProduct" time="3.895"/>
  <system-out/>
</testsuite> <!-- com.chefaa.bestbuy.test.DeleteProductTest -->
