<?xml version="1.0" encoding="UTF-8"?>
<!-- Generated by org.testng.reporters.JUnitReportReporter -->
<testsuite hostname="DESKTOP-O9TE197" failures="0" tests="2" name="getRequest.CreateProductTest" time="4.730" errors="0" timestamp="2022-06-11T18:36:21 EET" skipped="0">
  <testcase classname="getRequest.CreateProductTest" name="testCreateInvalidProductFails" time="3.042"/>
  <system-out/>
  <testcase classname="getRequest.CreateProductTest" name="testCreateValidProductSucceeds" time="1.688"/>
  <system-out/>
</testsuite> <!-- getRequest.CreateProductTest -->
