<?xml version="1.0" encoding="UTF-8"?>
<!-- Generated by org.testng.reporters.JUnitReportReporter -->
<testsuite skipped="0" hostname="DESKTOP-O9TE197" name="com.chefaa.bestbuy.test.CreateProductTest" tests="2" failures="0" timestamp="12 Jun 2022 11:16:59 GMT" time="5.273" errors="0">
  <testcase name="testCreateInvalidProductFails" time="3.469" classname="com.chefaa.bestbuy.test.CreateProductTest"/>
  <testcase name="testCreateValidProductSucceeds" time="1.804" classname="com.chefaa.bestbuy.test.CreateProductTest"/>
</testsuite> <!-- com.chefaa.bestbuy.test.CreateProductTest -->
