<?xml version="1.0" encoding="UTF-8"?>
<!-- Generated by org.testng.reporters.JUnitReportReporter -->
<testsuite skipped="0" hostname="DESKTOP-O9TE197" name="com.chefaa.bestbuy.test.GetProducrByIdTest" tests="1" failures="0" timestamp="12 Jun 2022 11:16:59 GMT" time="0.109" errors="0">
  <testcase name="getProductByIdSucceeds" time="0.109" classname="com.chefaa.bestbuy.test.GetProducrByIdTest"/>
</testsuite> <!-- com.chefaa.bestbuy.test.GetProducrByIdTest -->
