<?xml version="1.0" encoding="UTF-8"?>
<!-- Generated by org.testng.reporters.JUnitReportReporter -->
<testsuite skipped="0" hostname="DESKTOP-O9TE197" name="com.chefaa.bestbuy.test.UpdateProductTest" tests="2" failures="0" timestamp="12 Jun 2022 11:16:59 GMT" time="0.366" errors="0">
  <testcase name="updateProductSucceeds" time="0.288" classname="com.chefaa.bestbuy.test.UpdateProductTest"/>
  <testcase name="updateInValidProduct" time="0.078" classname="com.chefaa.bestbuy.test.UpdateProductTest"/>
</testsuite> <!-- com.chefaa.bestbuy.test.UpdateProductTest -->
