<?xml version="1.0" encoding="UTF-8"?>
<!-- Generated by org.testng.reporters.JUnitReportReporter -->
<testsuite skipped="0" hostname="DESKTOP-O9TE197" name="com.chefaa.bestbuy.test.DeleteProductTest" tests="2" failures="0" timestamp="12 Jun 2022 11:16:59 GMT" time="0.155" errors="0">
  <testcase name="testDeleteProduct" time="0.126" classname="com.chefaa.bestbuy.test.DeleteProductTest"/>
  <testcase name="testInValidDeleteProduct" time="0.029" classname="com.chefaa.bestbuy.test.DeleteProductTest"/>
</testsuite> <!-- com.chefaa.bestbuy.test.DeleteProductTest -->
